TEST FAILURE: string_operations/string_in_expressions
================================================================================
Generated: 2025-11-07 12:50:14
================================================================================

ERROR OUTPUT:
--------------------------------------------------------------------------------
string_operations/string_in_expressions
--------------------------------------------------------------------------------
/home/adesola/EpochLab/EpochScript/test/integration/script_integration_test.cpp:360: FAILED:
  {Unknown expression after the reported line}
due to unexpected exception with message:
  Assertion failed: fallbackTimeframe
  Message: Timeframe is required for text_3
  File: /home/adesola/EpochLab/EpochScript/src/transforms/transform_definition.
  cpp
  Line: 46
  Function: operator()

[2025-11-07 12:41:53.839] [info] [orchestrator.cpp:138] Executing transform graph (2 transforms)
[2025-11-07 12:41:53.842] [info] [orchestrator.cpp:163] Transform pipeline completed successfully
[2025-11-07 12:41:53.843] [info] [orchestrator.cpp:173] FLOW DEBUG - Output data: 1H AAPL-Stock has 20 rows
[2025-11-07 12:41:53.843] [info] [orchestrator.cpp:173] FLOW DEBUG - Output data: 1D AAPL-Stock has 20 rows
[2025-11-07 12:41:53.891] [info] [orchestrator.cpp:138] Executing transform graph (5 transforms)
[2025-11-07 12:41:53.895] [info] [orchestrator.cpp:163] Transform pipeline completed successfully
[2025-11-07 12:41:53.896] [info] [orchestrator.cpp:173] FLOW DEBUG - Output data: 1H AAPL-Stock has 20 rows
[2025-11-07 12:41:53.896] [info] [orchestrator.cpp:173] FLOW DEBUG - Output data: 5Min AAPL-Stock has 20 rows
[2025-11-07 12:41:53.896] [info] [orchestrator.cpp:173] FLOW DEBUG - Output data: 1W AAPL-Stock has 20 rows
[2025-11-07 12:41:53.896] [info] [orchestrator.cpp:173] FLOW DEBUG - Output data: 1ME AAPL-Stock has 20 rows
[2025-11-07 12:41:53.896] [info] [orchestrator.cpp:173] FLOW DEBUG - Output data: 1D AAPL-Stock has 20 rows
[2025-11-07 12:41:53.937] [info] [orchestrator.cpp:138] Executing transform graph (3 transforms)
[2025-11-07 12:41:53.940] [info] [orchestrator.cpp:163] Transform pipeline completed successfully
[2025-11-07 12:41:53.941] [info] [orchestrator.cpp:173] FLOW DEBUG - Output data: 1D AAPL-Stock has 20 rows
[2025-11-07 12:41:53.994] [info] [orchestrator.cpp:138] Executing transform graph (8 transforms)
[2025-11-07 12:41:54.019] [info] [orchestrator.cpp:163] Transform pipeline completed successfully
[2025-11-07 12:41:54.020] [info] [orchestrator.cpp:173] FLOW DEBUG - Output data: 1D AAPL-Stock has 20 rows
[2025-11-07 12:41:54.128] [info] [orchestrator.cpp:138] Executing transform graph (9 transforms)
[2025-11-07 12:41:54.163] [info] [orchestrator.cpp:163] Transform pipeline completed successfully
[2025-11-07 12:41:54.164] [info] [orchestrator.cpp:173] FLOW DEBUG - Output data: 1H AAPL-Stock has 20 rows
[2025-11-07 12:41:54.210] [info] [orchestrator.cpp:138] Executing transform graph (3 transforms)
[2025-11-07 12:41:54.230] [info] [orchestrator.cpp:163] Transform pipeline completed successfully
[2025-11-07 12:41:54.231] [info] [orchestrator.cpp:173] FLOW DEBUG - Output data: 15Min AAPL-Stock has 20 rows
-------------------------------------------------------------------------------
--------------------------------------------------------------------------------

================================================================================
TO FIX:
================================================================================
1. Review the error above
2. Fix the issue (compiler, script, or test)
3. Regenerate expected outputs:
   python3 scripts/test_helpers/generate_expected.py test/integration/test_cases/string_operations/string_in_expressions
4. Re-run tests:
   cmake-build-debug/bin/epoch_script_test "string_operations/string_in_expressions"
5. This error.txt will be auto-deleted on next successful run
================================================================================
