TEST FAILURE: operators/modulo_power_operators
================================================================================
Generated: 2025-11-07 12:50:14
================================================================================

ERROR OUTPUT:
--------------------------------------------------------------------------------
operators/modulo_power_operators
--------------------------------------------------------------------------------
/home/adesola/EpochLab/EpochScript/test/integration/script_integration_test.cpp:360: FAILED:
  {Unknown expression after the reported line}
due to unexpected exception with message:
  Assertion failed: fallbackTimeframe
  Message: Timeframe is required for number_1
  File: /home/adesola/EpochLab/EpochScript/src/transforms/transform_definition.
  cpp
  Line: 46
  Function: operator()

[2025-11-07 12:41:51.997] [info] [orchestrator.cpp:138] Executing transform graph (29 transforms)
[2025-11-07 12:41:52.004] [warning] [execution_node.cpp:108] Asset(AAPL-Stock): Empty DataFrame provided to sma sma_1. Skipping transform
[2025-11-07 12:41:52.019] [info] [orchestrator.cpp:163] Transform pipeline completed successfully
[2025-11-07 12:41:52.021] [info] [orchestrator.cpp:173] FLOW DEBUG - Output data: 1D AAPL-Stock has 20 rows
[2025-11-07 12:41:52.060] [info] [orchestrator.cpp:138] Executing transform graph (12 transforms)
[2025-11-07 12:41:52.067] [info] [orchestrator.cpp:163] Transform pipeline completed successfully
[2025-11-07 12:41:52.068] [info] [orchestrator.cpp:173] FLOW DEBUG - Output data: 1D AAPL-Stock has 20 rows
[2025-11-07 12:41:52.102] [info] [orchestrator.cpp:138] Executing transform graph (14 transforms)
[2025-11-07 12:41:52.113] [info] [orchestrator.cpp:163] Transform pipeline completed successfully
[2025-11-07 12:41:52.114] [info] [orchestrator.cpp:173] FLOW DEBUG - Output data: 1H AAPL-Stock has 20 rows
[2025-11-07 12:41:52.159] [info] [orchestrator.cpp:138] Executing transform graph (8 transforms)
[2025-11-07 12:41:52.164] [info] [orchestrator.cpp:163] Transform pipeline completed successfully
[2025-11-07 12:41:52.165] [info] [orchestrator.cpp:173] FLOW DEBUG - Output data: 1H AAPL-Stock has 20 rows
[2025-11-07 12:41:52.193] [info] [orchestrator.cpp:138] Executing transform graph (3 transforms)
[2025-11-07 12:41:52.213] [info] [orchestrator.cpp:163] Transform pipeline completed successfully
[2025-11-07 12:41:52.215] [info] [orchestrator.cpp:173] FLOW DEBUG - Output data: 1H AAPL-Stock has 20 rows
[2025-11-07 12:41:52.241] [info] [orchestrator.cpp:138] Executing transform graph (2 transforms)
[2025-11-07 12:41:52.244] [info] [orchestrator.cpp:163] Transform pipeline completed successfully
[2025-11-07 12:41:52.244] [info] [orchestrator.cpp:173] FLOW DEBUG - Output data: 1D AAPL-Stock has 20 rows
[2025-11-07 12:41:52.270] [info] [orchestrator.cpp:138] Executing transform graph (8 transforms)
[2025-11-07 12:41:52.284] [info] [orchestrator.cpp:163] Transform pipeline completed successfully
[2025-11-07 12:41:52.285] [info] [orchestrator.cpp:173] FLOW DEBUG - Output data: 1H AAPL-Stock has 20 rows
-------------------------------------------------------------------------------
--------------------------------------------------------------------------------

================================================================================
TO FIX:
================================================================================
1. Review the error above
2. Fix the issue (compiler, script, or test)
3. Regenerate expected outputs:
   python3 scripts/test_helpers/generate_expected.py test/integration/test_cases/operators/modulo_power_operators
4. Re-run tests:
   cmake-build-debug/bin/epoch_script_test "operators/modulo_power_operators"
5. This error.txt will be auto-deleted on next successful run
================================================================================
