TEST FAILURE: parameters/shorthand_inline_syntax
================================================================================
Generated: 2025-11-07 12:50:14
================================================================================

ERROR OUTPUT:
--------------------------------------------------------------------------------
parameters/shorthand_inline_syntax
--------------------------------------------------------------------------------
/home/adesola/EpochLab/EpochScript/test/integration/script_integration_test.cpp:360: FAILED:
  {Unknown expression after the reported line}
due to unexpected exception with message:
  Assertion failed: fallbackTimeframe
  Message: Timeframe is required for number_2
  File: /home/adesola/EpochLab/EpochScript/src/transforms/transform_definition.
  cpp
  Line: 46
  Function: operator()

[2025-11-07 12:41:52.343] [info] [orchestrator.cpp:138] Executing transform graph (8 transforms)
[2025-11-07 12:41:52.350] [info] [orchestrator.cpp:163] Transform pipeline completed successfully
[2025-11-07 12:41:52.351] [info] [orchestrator.cpp:173] FLOW DEBUG - Output data: 1D AAPL-Stock has 20 rows
[2025-11-07 12:41:52.383] [info] [orchestrator.cpp:138] Executing transform graph (20 transforms)
[2025-11-07 12:41:52.394] [warning] [execution_node.cpp:108] Asset(AAPL-Stock): Empty DataFrame provided to sub sub_2. Skipping transform
[2025-11-07 12:41:52.410] [warning] [orchestrator.cpp:236] Transform node_10 produced empty report
[2025-11-07 12:41:52.410] [info] [orchestrator.cpp:163] Transform pipeline completed successfully
[2025-11-07 12:41:52.412] [info] [orchestrator.cpp:173] FLOW DEBUG - Output data: 1D AAPL-Stock has 20 rows
[2025-11-07 12:41:52.482] [info] [orchestrator.cpp:138] Executing transform graph (24 transforms)
[2025-11-07 12:41:52.521] [warning] [execution_node.cpp:108] Asset(AAPL-Stock): Empty DataFrame provided to sma consolidation_vol_avg. Skipping transform
[2025-11-07 12:41:52.521] [warning] [execution_node.cpp:108] Asset(GOOGL-Stock): Empty DataFrame provided to sma consolidation_vol_avg. Skipping transform
[2025-11-07 12:41:52.522] [warning] [execution_node.cpp:108] Asset(MSFT-Stock): Empty DataFrame provided to sma consolidation_vol_avg. Skipping transform
[2025-11-07 12:41:52.524] [warning] [execution_node.cpp:108] Asset(GOOGL-Stock): Empty DataFrame provided to sma flagpole_vol_avg. Skipping transform
[2025-11-07 12:41:52.524] [warning] [execution_node.cpp:108] Asset(MSFT-Stock): Empty DataFrame provided to sma flagpole_vol_avg. Skipping transform
[2025-11-07 12:41:52.525] [warning] [execution_node.cpp:108] Asset(AAPL-Stock): Empty DataFrame provided to sma flagpole_vol_avg. Skipping transform
[2025-11-07 12:41:52.552] [warning] [execution_node.cpp:108] Asset(AAPL-Stock): Empty DataFrame provided to sub sub_1. Skipping transform
[2025-11-07 12:41:52.553] [warning] [execution_node.cpp:108] Asset(MSFT-Stock): Empty DataFrame provided to sub sub_1. Skipping transform
[2025-11-07 12:41:52.553] [warning] [execution_node.cpp:108] Asset(GOOGL-Stock): Empty DataFrame provided to sub sub_1. Skipping transform
[2025-11-07 12:41:52.555] [warning] [execution_node.cpp:108] Asset(AAPL-Stock): Empty DataFrame provided to div div_2. Skipping transform
[2025-11-07 12:41:52.555] [warning] [execution_node.cpp:108] Asset(GOOGL-Stock): Empty DataFrame provided to div div_2. Skipping transform
[2025-11-07 12:41:52.555] [warning] [execution_node.cpp:108] Asset(MSFT-Stock): Empty DataFrame provided to div div_2. Skipping transform
[2025-11-07 12:41:52.558] [warning] [execution_node.cpp:108] Asset(AAPL-Stock): Empty DataFrame provided to mul mul_2. Skipping transform
[2025-11-07 12:41:52.558] [warning] [execution_node.cpp:108] Asset(GOOGL-Stock): Empty DataFrame provided to mul mul_2. Skipping transform
[2025-11-07 12:41:52.558] [warning] [execution_node.cpp:108] Asset(MSFT-Stock): Empty DataFrame provided to mul mul_2. Skipping transform
[2025-11-07 12:41:52.729] [warning] [execution_node.cpp:108] Asset(AAPL-Stock): Empty DataFrame provided to add add_0. Skipping transform
[2025-11-07 12:41:52.730] [warning] [execution_node.cpp:108] Asset(MSFT-Stock): Empty DataFrame provided to add add_0. Skipping transform
[2025-11-07 12:41:52.730] [warning] [execution_node.cpp:108] Asset(GOOGL-Stock): Empty DataFrame provided to add add_0. Skipping transform
[2025-11-07 12:41:52.737] [info] [orchestrator.cpp:163] Transform pipeline completed successfully
[2025-11-07 12:41:52.746] [info] [orchestrator.cpp:173] FLOW DEBUG - Output data: 1D GOOGL-Stock has 500 rows
[2025-11-07 12:41:52.746] [info] [orchestrator.cpp:173] FLOW DEBUG - Output data: 1D MSFT-Stock has 500 rows
[2025-11-07 12:41:52.746] [info] [orchestrator.cpp:173] FLOW DEBUG - Output data: 1D AAPL-Stock has 500 rows
-------------------------------------------------------------------------------
--------------------------------------------------------------------------------

================================================================================
TO FIX:
================================================================================
1. Review the error above
2. Fix the issue (compiler, script, or test)
3. Regenerate expected outputs:
   python3 scripts/test_helpers/generate_expected.py test/integration/test_cases/parameters/shorthand_inline_syntax
4. Re-run tests:
   cmake-build-debug/bin/epoch_script_test "parameters/shorthand_inline_syntax"
5. This error.txt will be auto-deleted on next successful run
================================================================================
