TEST FAILURE: documentation/language/syntax_expressions
================================================================================
Generated: 2025-11-07 12:50:14
================================================================================

ERROR OUTPUT:
--------------------------------------------------------------------------------
documentation/language/syntax_expressions
--------------------------------------------------------------------------------
/home/adesola/EpochLab/EpochScript/test/integration/script_integration_test.cpp:360: FAILED:
  {Unknown expression after the reported line}
due to unexpected exception with message:
  Assertion failed: fallbackTimeframe
  Message: Timeframe is required for number_0
  File: /home/adesola/EpochLab/EpochScript/src/transforms/transform_definition.
  cpp
  Line: 46
  Function: operator()

[2025-11-07 12:41:50.914] [info] [orchestrator.cpp:138] Executing transform graph (8 transforms)
[2025-11-07 12:41:50.930] [info] [orchestrator.cpp:163] Transform pipeline completed successfully
[2025-11-07 12:41:50.931] [info] [orchestrator.cpp:173] FLOW DEBUG - Output data: 1D AAPL-Stock has 20 rows
[2025-11-07 12:41:50.989] [info] [orchestrator.cpp:138] Executing transform graph (16 transforms)
[2025-11-07 12:41:51.008] [info] [orchestrator.cpp:163] Transform pipeline completed successfully
[2025-11-07 12:41:51.009] [info] [orchestrator.cpp:173] FLOW DEBUG - Output data: 1D AAPL-Stock has 20 rows
[2025-11-07 12:41:51.332] [info] [orchestrator.cpp:138] Executing transform graph (9 transforms)
[2025-11-07 12:41:51.337] [warning] [execution_node.cpp:108] Asset(AAPL-Stock): Empty DataFrame provided to mul mul_0. Skipping transform
[2025-11-07 12:41:51.338] [info] [orchestrator.cpp:163] Transform pipeline completed successfully
[2025-11-07 12:41:51.339] [info] [orchestrator.cpp:173] FLOW DEBUG - Output data: 1D AAPL-Stock has 20 rows
[2025-11-07 12:41:51.368] [info] [orchestrator.cpp:138] Executing transform graph (6 transforms)
[2025-11-07 12:41:51.379] [info] [orchestrator.cpp:163] Transform pipeline completed successfully
[2025-11-07 12:41:51.379] [info] [orchestrator.cpp:173] FLOW DEBUG - Output data: 1H AAPL-Stock has 20 rows
[2025-11-07 12:41:51.407] [info] [orchestrator.cpp:138] Executing transform graph (4 transforms)
[2025-11-07 12:41:51.626] [info] [orchestrator.cpp:163] Transform pipeline completed successfully
[2025-11-07 12:41:51.626] [info] [orchestrator.cpp:173] FLOW DEBUG - Output data: 1D AAPL-Stock has 20 rows
-------------------------------------------------------------------------------
--------------------------------------------------------------------------------

================================================================================
TO FIX:
================================================================================
1. Review the error above
2. Fix the issue (compiler, script, or test)
3. Regenerate expected outputs:
   python3 scripts/test_helpers/generate_expected.py test/integration/test_cases/documentation/language/syntax_expressions
4. Re-run tests:
   cmake-build-debug/bin/epoch_script_test "documentation/language/syntax_expressions"
5. This error.txt will be auto-deleted on next successful run
================================================================================
