TEST FAILURE: basic/simple_literal
================================================================================
Generated: 2025-11-07 12:50:14
================================================================================

ERROR OUTPUT:
--------------------------------------------------------------------------------
basic/simple_literal
--------------------------------------------------------------------------------
/home/adesola/EpochLab/EpochScript/test/integration/script_integration_test.cpp:360: FAILED:
  {Unknown expression after the reported line}
due to unexpected exception with message:
  Assertion failed: fallbackTimeframe
  Message: Timeframe is required for text_0
  File: /home/adesola/EpochLab/EpochScript/src/transforms/transform_definition.
  cpp
  Line: 46
  Function: operator()

[2025-11-07 12:41:48.492] [info] [orchestrator.cpp:138] Executing transform graph (5 transforms)
[2025-11-07 12:41:48.496] [info] [orchestrator.cpp:163] Transform pipeline completed successfully
[2025-11-07 12:41:48.496] [info] [orchestrator.cpp:173] FLOW DEBUG - Output data: 1H AAPL-Stock has 20 rows
-------------------------------------------------------------------------------
--------------------------------------------------------------------------------

================================================================================
TO FIX:
================================================================================
1. Review the error above
2. Fix the issue (compiler, script, or test)
3. Regenerate expected outputs:
   python3 scripts/test_helpers/generate_expected.py test/integration/test_cases/basic/simple_literal
4. Re-run tests:
   cmake-build-debug/bin/epoch_script_test "basic/simple_literal"
5. This error.txt will be auto-deleted on next successful run
================================================================================
