TEST FAILURE: runtime/gap_analysis
================================================================================
Generated: 2025-11-07 12:50:14
================================================================================

ERROR OUTPUT:
--------------------------------------------------------------------------------
runtime/gap_analysis
--------------------------------------------------------------------------------
/home/adesola/EpochLab/EpochScript/test/integration/script_integration_test.cpp:456: FAILED:
explicitly with messages:
  Found 172 integration test cases
  test_case.name := "runtime/gap_analysis"
  Expected graph.json:
  [{"type":"session_gap","id":"gaps","options":{"fill_percent":100},"inputs":{}
  ,"timeframe":{"interval":1,"type":"minute"},"session":"NewYork"},{"type":
  "gap_report","id":"node_0","options":{"histogram_bins":15,
  "fill_time_pivot_hour":12},"inputs":{"gap_filled":["gaps#gap_filled"],
  "gap_retrace":["gaps#gap_retrace"],"psc":["gaps#psc"],"gap_size":
  ["gaps#gap_size"],"psc_timestamp":["gaps#psc_timestamp"]},"timeframe":
  {"interval":1,"type":"minute"}},{"type":"sessions","id":"sessions_0",
  "options":{"session_type":"NewYork"},"inputs":{},"timeframe":{"interval":1,
  "type":"minute"}}]
  Actual graph.json:
  [{"type":"session_gap","id":"gaps","options":{"fill_percent":100},"inputs":{}
  ,"timeframe":{"interval":1,"type":"minute"},"session":"NewYork"},{"type":
  "gap_report","id":"node_0","options":{"fill_time_pivot_hour":12,
  "histogram_bins":15},"inputs":{"psc_timestamp":["gaps#psc_timestamp"],
  "gap_size":["gaps#gap_size"],"psc":["gaps#psc"],"gap_retrace":
  ["gaps#gap_retrace"],"gap_filled":["gaps#gap_filled"]},"timeframe":
  {"interval":1,"type":"minute"}},{"type":"sessions","id":"sessions_0",
  "options":{"session_type":"NewYork"},"inputs":{},"timeframe":{"interval":1,
  "type":"minute"}}]
  Runtime testing for: runtime/gap_analysis
  Assets: 1
  Pipeline executed successfully
  Output dataframes: 1
  Generated reports: 1
  Generated event markers: 1
  Tearsheet validation failed: JSON format for tearsheets not yet supported

[2025-11-07 12:41:53.615] [info] [orchestrator.cpp:138] Executing transform graph (1 transforms)
[2025-11-07 12:41:53.617] [warning] [intermediate_storage.cpp:200] Invalid IODataType: Timestamp. using null scalar
[2025-11-07 12:41:53.618] [info] [orchestrator.cpp:163] Transform pipeline completed successfully
[2025-11-07 12:41:53.618] [info] [orchestrator.cpp:173] FLOW DEBUG - Output data: 1D AAPL-Stock has 20 rows
[2025-11-07 12:41:53.645] [info] [orchestrator.cpp:138] Executing transform graph (3 transforms)
[2025-11-07 12:41:53.646] [warning] [intermediate_storage.cpp:200] Invalid IODataType: Timestamp. using null scalar
[2025-11-07 12:41:53.648] [warning] [execution_node.cpp:108] Asset(AAPL-Stock): Empty DataFrame provided to div div_0. Skipping transform
[2025-11-07 12:41:53.649] [info] [orchestrator.cpp:163] Transform pipeline completed successfully
[2025-11-07 12:41:53.650] [info] [orchestrator.cpp:173] FLOW DEBUG - Output data: 1D AAPL-Stock has 20 rows
[2025-11-07 12:41:53.677] [info] [orchestrator.cpp:138] Executing transform graph (8 transforms)
[2025-11-07 12:41:53.699] [info] [orchestrator.cpp:163] Transform pipeline completed successfully
[2025-11-07 12:41:53.701] [info] [orchestrator.cpp:173] FLOW DEBUG - Output data: 1H AAPL-Stock has 20 rows
[2025-11-07 12:41:53.732] [info] [orchestrator.cpp:138] Executing transform graph (9 transforms)
[2025-11-07 12:41:53.747] [info] [orchestrator.cpp:163] Transform pipeline completed successfully
[2025-11-07 12:41:53.748] [info] [orchestrator.cpp:173] FLOW DEBUG - Output data: 1H AAPL-Stock has 20 rows
[2025-11-07 12:41:53.776] [info] [orchestrator.cpp:138] Executing transform graph (4 transforms)
[2025-11-07 12:41:53.780] [info] [orchestrator.cpp:163] Transform pipeline completed successfully
[2025-11-07 12:41:53.781] [info] [orchestrator.cpp:173] FLOW DEBUG - Output data: 1H AAPL-Stock has 20 rows
-------------------------------------------------------------------------------
--------------------------------------------------------------------------------

================================================================================
TO FIX:
================================================================================
1. Review the error above
2. Fix the issue (compiler, script, or test)
3. Regenerate expected outputs:
   python3 scripts/test_helpers/generate_expected.py test/integration/test_cases/runtime/gap_analysis
4. Re-run tests:
   cmake-build-debug/bin/epoch_script_test "runtime/gap_analysis"
5. This error.txt will be auto-deleted on next successful run
================================================================================
