TEST FAILURE: constants/constant_subscript_multiple
================================================================================
Generated: 2025-11-07 12:50:14
================================================================================

ERROR OUTPUT:
--------------------------------------------------------------------------------
constants/constant_subscript_multiple
--------------------------------------------------------------------------------
/home/adesola/EpochLab/EpochScript/test/integration/script_integration_test.cpp:360: FAILED:
  {Unknown expression after the reported line}
due to unexpected exception with message:
  Assertion failed: fallbackTimeframe
  Message: Timeframe is required for number_0
  File: /home/adesola/EpochLab/EpochScript/src/transforms/transform_definition.
  cpp
  Line: 46
  Function: operator()

-------------------------------------------------------------------------------
EpochScript Integration Tests - Compilation + Runtime
  constants/constant_subscript_negative
--------------------------------------------------------------------------------

================================================================================
TO FIX:
================================================================================
1. Review the error above
2. Fix the issue (compiler, script, or test)
3. Regenerate expected outputs:
   python3 scripts/test_helpers/generate_expected.py test/integration/test_cases/constants/constant_subscript_multiple
4. Re-run tests:
   cmake-build-debug/bin/epoch_script_test "constants/constant_subscript_multiple"
5. This error.txt will be auto-deleted on next successful run
================================================================================
