TEST FAILURE: literals/mixed_numeric_literals
================================================================================
Generated: 2025-11-07 12:50:14
================================================================================

ERROR OUTPUT:
--------------------------------------------------------------------------------
literals/mixed_numeric_literals
--------------------------------------------------------------------------------
/home/adesola/EpochLab/EpochScript/test/integration/script_integration_test.cpp:360: FAILED:
  {Unknown expression after the reported line}
due to unexpected exception with message:
  Assertion failed: fallbackTimeframe
  Message: Timeframe is required for number_3
  File: /home/adesola/EpochLab/EpochScript/src/transforms/transform_definition.
  cpp
  Line: 46
  Function: operator()

[2025-11-07 12:41:51.722] [info] [orchestrator.cpp:138] Executing transform graph (6 transforms)
[2025-11-07 12:41:51.731] [info] [orchestrator.cpp:163] Transform pipeline completed successfully
[2025-11-07 12:41:51.732] [info] [orchestrator.cpp:173] FLOW DEBUG - Output data: 1D AAPL-Stock has 20 rows
-------------------------------------------------------------------------------
--------------------------------------------------------------------------------

================================================================================
TO FIX:
================================================================================
1. Review the error above
2. Fix the issue (compiler, script, or test)
3. Regenerate expected outputs:
   python3 scripts/test_helpers/generate_expected.py test/integration/test_cases/literals/mixed_numeric_literals
4. Re-run tests:
   cmake-build-debug/bin/epoch_script_test "literals/mixed_numeric_literals"
5. This error.txt will be auto-deleted on next successful run
================================================================================
