TEST FAILURE: variables/variable_resolution_numeric
================================================================================
Generated: 2025-11-07 12:50:14
================================================================================

ERROR OUTPUT:
--------------------------------------------------------------------------------
variables/variable_resolution_numeric
--------------------------------------------------------------------------------
/home/adesola/EpochLab/EpochScript/test/integration/script_integration_test.cpp:360: FAILED:
  {Unknown expression after the reported line}
due to unexpected exception with message:
  Assertion failed: fallbackTimeframe
  Message: Timeframe is required for number_0
  File: /home/adesola/EpochLab/EpochScript/src/transforms/transform_definition.
  cpp
  Line: 46
  Function: operator()

-------------------------------------------------------------------------------
PythonSource - glaze deserialization triggers compilation
-------------------------------------------------------------------------------
--------------------------------------------------------------------------------

================================================================================
TO FIX:
================================================================================
1. Review the error above
2. Fix the issue (compiler, script, or test)
3. Regenerate expected outputs:
   python3 scripts/test_helpers/generate_expected.py test/integration/test_cases/variables/variable_resolution_numeric
4. Re-run tests:
   cmake-build-debug/bin/epoch_script_test "variables/variable_resolution_numeric"
5. This error.txt will be auto-deleted on next successful run
================================================================================
