TEST FAILURE: constants/constant_unary_negative
================================================================================
Generated: 2025-11-07 12:50:14
================================================================================

ERROR OUTPUT:
--------------------------------------------------------------------------------
constants/constant_unary_negative
--------------------------------------------------------------------------------
/home/adesola/EpochLab/EpochScript/test/integration/script_integration_test.cpp:360: FAILED:
  {Unknown expression after the reported line}
due to unexpected exception with message:
  Assertion failed: fallbackTimeframe
  Message: Timeframe is required for number_1
  File: /home/adesola/EpochLab/EpochScript/src/transforms/transform_definition.
  cpp
  Line: 46
  Function: operator()

[2025-11-07 12:41:48.954] [info] [orchestrator.cpp:138] Executing transform graph (10 transforms)
[2025-11-07 12:41:48.970] [info] [orchestrator.cpp:163] Transform pipeline completed successfully
[2025-11-07 12:41:48.971] [info] [orchestrator.cpp:173] FLOW DEBUG - Output data: 1D AAPL-Stock has 20 rows
[2025-11-07 12:41:49.001] [info] [orchestrator.cpp:138] Executing transform graph (14 transforms)
[2025-11-07 12:41:49.020] [error] [orchestrator.cpp:151] Transform pipeline failed with errors: Asset: AAPL-Stock, Transform: ifexp_0, Error: NotImplemented: Function 'if_else' has no kernel matching input types (bool, double, bool).
Asset: AAPL-Stock, Transform: ifexp_1, Error: unordered_map::at.
Asset: AAPL-Stock, Transform: node_0, Error: unordered_map::at.

-------------------------------------------------------------------------------
--------------------------------------------------------------------------------

================================================================================
TO FIX:
================================================================================
1. Review the error above
2. Fix the issue (compiler, script, or test)
3. Regenerate expected outputs:
   python3 scripts/test_helpers/generate_expected.py test/integration/test_cases/constants/constant_unary_negative
4. Re-run tests:
   cmake-build-debug/bin/epoch_script_test "constants/constant_unary_negative"
5. This error.txt will be auto-deleted on next successful run
================================================================================
