TEST FAILURE: type_system/metadata_type_boolean
================================================================================
Generated: 2025-11-07 12:50:14
================================================================================

ERROR OUTPUT:
--------------------------------------------------------------------------------
type_system/metadata_type_boolean
--------------------------------------------------------------------------------
/home/adesola/EpochLab/EpochScript/test/integration/script_integration_test.cpp:360: FAILED:
  {Unknown expression after the reported line}
due to unexpected exception with message:
  Assertion failed: fallbackTimeframe
  Message: Timeframe is required for true_node
  File: /home/adesola/EpochLab/EpochScript/src/transforms/transform_definition.
  cpp
  Line: 46
  Function: operator()

[2025-11-07 12:41:54.287] [info] [orchestrator.cpp:138] Executing transform graph (3 transforms)
[2025-11-07 12:41:54.290] [info] [orchestrator.cpp:163] Transform pipeline completed successfully
[2025-11-07 12:41:54.291] [info] [orchestrator.cpp:173] FLOW DEBUG - Output data: 1D AAPL-Stock has 20 rows
[2025-11-07 12:41:54.317] [info] [orchestrator.cpp:138] Executing transform graph (2 transforms)
[2025-11-07 12:41:54.320] [info] [orchestrator.cpp:163] Transform pipeline completed successfully
[2025-11-07 12:41:54.320] [info] [orchestrator.cpp:173] FLOW DEBUG - Output data: 1D AAPL-Stock has 20 rows
[2025-11-07 12:41:54.345] [info] [orchestrator.cpp:138] Executing transform graph (2 transforms)
[2025-11-07 12:41:54.348] [info] [orchestrator.cpp:163] Transform pipeline completed successfully
[2025-11-07 12:41:54.348] [info] [orchestrator.cpp:173] FLOW DEBUG - Output data: 1D AAPL-Stock has 20 rows
[2025-11-07 12:41:54.376] [info] [orchestrator.cpp:138] Executing transform graph (10 transforms)
[2025-11-07 12:41:54.384] [info] [orchestrator.cpp:163] Transform pipeline completed successfully
[2025-11-07 12:41:54.385] [info] [orchestrator.cpp:173] FLOW DEBUG - Output data: 1D AAPL-Stock has 20 rows
[2025-11-07 12:41:54.413] [info] [orchestrator.cpp:138] Executing transform graph (5 transforms)
[2025-11-07 12:41:54.417] [info] [orchestrator.cpp:163] Transform pipeline completed successfully
[2025-11-07 12:41:54.418] [info] [orchestrator.cpp:173] FLOW DEBUG - Output data: 1D AAPL-Stock has 20 rows
[2025-11-07 12:41:54.446] [info] [orchestrator.cpp:138] Executing transform graph (6 transforms)
[2025-11-07 12:41:54.451] [info] [orchestrator.cpp:163] Transform pipeline completed successfully
[2025-11-07 12:41:54.452] [info] [orchestrator.cpp:173] FLOW DEBUG - Output data: 1D AAPL-Stock has 20 rows
-------------------------------------------------------------------------------
--------------------------------------------------------------------------------

================================================================================
TO FIX:
================================================================================
1. Review the error above
2. Fix the issue (compiler, script, or test)
3. Regenerate expected outputs:
   python3 scripts/test_helpers/generate_expected.py test/integration/test_cases/type_system/metadata_type_boolean
4. Re-run tests:
   cmake-build-debug/bin/epoch_script_test "type_system/metadata_type_boolean"
5. This error.txt will be auto-deleted on next successful run
================================================================================
